{"level":"info","message":"GET /teamScores","timestamp":"2024-11-29T22:46:19.700Z"}
{"level":"info","message":"STATUS 200: GET /teamScores","timestamp":"2024-11-29T22:46:19.804Z"}
{"level":"info","message":"GET /points","timestamp":"2024-11-29T22:46:35.888Z"}
{"level":"info","message":"STATUS 200: GET /points","timestamp":"2024-11-29T22:46:36.210Z"}
{"level":"info","message":"PUT /users","timestamp":"2024-11-29T22:46:42.271Z"}
{"level":"error","message":"STATUS 401 : PUT /users","timestamp":"2024-11-29T22:46:42.273Z"}
{"level":"info","message":"DELETE /users","timestamp":"2024-11-29T22:46:45.070Z"}
{"level":"error","message":"STATUS 401 : DELETE /users","timestamp":"2024-11-29T22:46:45.071Z"}
{"level":"info","message":"POST /users/login","timestamp":"2024-11-29T22:46:49.304Z"}
{"level":"error","message":"STATUS 400 : POST /users/login","timestamp":"2024-11-29T22:46:49.307Z"}
{"level":"info","message":"POST /users/signIn","timestamp":"2024-11-29T22:46:52.475Z"}
{"level":"error","message":"STATUS 400 : POST /users/signIn","timestamp":"2024-11-29T22:46:52.477Z"}
{"level":"info","message":"POST /users/login","timestamp":"2024-11-29T23:53:40.894Z"}
{"level":"error","message":"STATUS 401 : POST /users/login","timestamp":"2024-11-29T23:53:41.469Z"}
{"level":"info","message":"POST /users/signIn","timestamp":"2024-11-29T23:53:50.303Z"}
{"level":"info","message":"STATUS 201: POST /users/signIn","timestamp":"2024-11-29T23:53:50.667Z"}
{"level":"info","message":"POST /users/signIn","timestamp":"2024-11-29T23:56:27.566Z"}
{"level":"info","message":"STATUS 201: POST /users/signIn","timestamp":"2024-11-29T23:56:27.959Z"}
{"level":"info","message":"POST /users/signIn","timestamp":"2024-11-29T23:57:43.035Z"}
{"level":"error","message":"STATUS 400 : POST /users/signIn","timestamp":"2024-11-29T23:57:43.040Z"}
{"level":"info","message":"POST /users/signIn","timestamp":"2024-11-29T23:57:48.215Z"}
{"level":"error","message":"STATUS 400 : POST /users/signIn","timestamp":"2024-11-29T23:57:48.298Z"}
{"level":"info","message":"POST /users/login","timestamp":"2024-11-29T23:58:02.442Z"}
{"level":"error","message":"STATUS 400 : POST /users/login","timestamp":"2024-11-29T23:58:02.445Z"}
{"level":"info","message":"POST /users/login","timestamp":"2024-11-29T23:58:06.080Z"}
{"level":"info","message":"STATUS 200: POST /users/login","timestamp":"2024-11-29T23:58:06.335Z"}
{"level":"info","message":"PUT /users","timestamp":"2024-11-29T23:59:29.889Z"}
{"level":"error","message":"STATUS 403 : PUT /users","timestamp":"2024-11-29T23:59:29.896Z"}
{"level":"info","message":"POST /users/login","timestamp":"2024-11-29T23:59:35.962Z"}
{"level":"info","message":"STATUS 200: POST /users/login","timestamp":"2024-11-29T23:59:36.234Z"}
{"level":"info","message":"PUT /users","timestamp":"2024-11-29T23:59:38.985Z"}
{"level":"error","message":"STATUS 403 : PUT /users","timestamp":"2024-11-29T23:59:38.989Z"}
{"level":"info","message":"POST /users/signIn","timestamp":"2024-11-30T00:12:42.551Z"}
{"level":"error","message":"STATUS 400 : POST /users/signIn","timestamp":"2024-11-30T00:12:42.704Z"}
{"level":"info","message":"POST /users/login","timestamp":"2024-11-30T00:12:47.165Z"}
{"level":"info","message":"STATUS 200: POST /users/login","timestamp":"2024-11-30T00:12:47.518Z"}
{"level":"info","message":"POST /users/login","timestamp":"2024-11-30T00:12:52.264Z"}
{"level":"info","message":"STATUS 200: POST /users/login","timestamp":"2024-11-30T00:12:52.525Z"}
{"level":"info","message":"POST /users/login","timestamp":"2024-11-30T00:12:56.407Z"}
{"level":"error","message":"STATUS 400 : POST /users/login","timestamp":"2024-11-30T00:12:56.409Z"}
{"level":"info","message":"POST /users/login","timestamp":"2024-11-30T00:13:02.069Z"}
{"level":"error","message":"STATUS 400 : POST /users/login","timestamp":"2024-11-30T00:13:02.072Z"}
{"level":"info","message":"POST /users/login","timestamp":"2024-11-30T00:13:11.667Z"}
{"level":"error","message":"STATUS 400 : POST /users/login","timestamp":"2024-11-30T00:13:11.669Z"}
{"level":"info","message":"PUT /users","timestamp":"2024-11-30T00:13:45.131Z"}
{"level":"info","message":"POST /users/login","timestamp":"2024-11-30T00:13:57.959Z"}
{"level":"info","message":"STATUS 200: POST /users/login","timestamp":"2024-11-30T00:13:58.202Z"}
{"level":"info","message":"POST /users/signIn","timestamp":"2024-11-30T00:14:02.326Z"}
{"level":"error","message":"STATUS 400 : POST /users/signIn","timestamp":"2024-11-30T00:14:02.409Z"}
{"level":"info","message":"POST /users/login","timestamp":"2024-11-30T00:14:52.470Z"}
{"level":"info","message":"STATUS 200: POST /users/login","timestamp":"2024-11-30T00:14:52.631Z"}
{"level":"info","message":"POST /users/login","timestamp":"2024-11-30T00:15:51.350Z"}
{"level":"info","message":"STATUS 200: POST /users/login","timestamp":"2024-11-30T00:15:55.138Z"}
{"level":"info","message":"POST /users/login","timestamp":"2024-11-30T00:15:57.980Z"}
{"level":"info","message":"STATUS 200: POST /users/login","timestamp":"2024-11-30T00:15:58.228Z"}
{"level":"info","message":"PUT /users/674a54abae2302c83dd5caeb","timestamp":"2024-11-30T00:16:22.061Z"}
{"level":"error","message":"STATUS 403 : PUT /users/674a54abae2302c83dd5caeb","timestamp":"2024-11-30T00:16:22.069Z"}
{"level":"info","message":"PUT /users/674a54abae2302c83dd5caeb","timestamp":"2024-11-30T00:22:04.596Z"}
{"level":"error","message":"STATUS 403 : PUT /users/674a54abae2302c83dd5caeb","timestamp":"2024-11-30T00:22:04.644Z"}
{"level":"info","message":"PUT /users/674a54abae2302c83dd5caeb","timestamp":"2024-11-30T00:23:17.943Z"}
{"level":"error","message":"STATUS 403 : PUT /users/674a54abae2302c83dd5caeb","timestamp":"2024-11-30T00:23:17.974Z"}
{"level":"info","message":"POST /users/login","timestamp":"2024-11-30T00:23:23.911Z"}
{"level":"info","message":"STATUS 200: POST /users/login","timestamp":"2024-11-30T00:23:24.204Z"}
{"level":"info","message":"POST /users/login","timestamp":"2024-11-30T00:23:48.647Z"}
{"level":"info","message":"STATUS 200: POST /users/login","timestamp":"2024-11-30T00:23:48.840Z"}
{"level":"info","message":"PUT /users/674a54abae2302c83dd5caeb","timestamp":"2024-11-30T00:23:58.301Z"}
{"level":"error","message":"STATUS 403 : PUT /users/674a54abae2302c83dd5caeb","timestamp":"2024-11-30T00:23:58.306Z"}
{"level":"info","message":"POST /users/login","timestamp":"2024-11-30T00:25:09.381Z"}
{"level":"info","message":"STATUS 200: POST /users/login","timestamp":"2024-11-30T00:25:09.653Z"}
{"level":"info","message":"PUT /users/674a54abae2302c83dd5caeb","timestamp":"2024-11-30T00:25:13.200Z"}
{"level":"error","message":"STATUS 403 : PUT /users/674a54abae2302c83dd5caeb","timestamp":"2024-11-30T00:25:13.212Z"}
{"level":"info","message":"POST /users/login","timestamp":"2024-11-30T00:27:11.312Z"}
{"level":"info","message":"STATUS 200: POST /users/login","timestamp":"2024-11-30T00:27:11.539Z"}
{"level":"info","message":"PUT /users/674a54abae2302c83dd5caeb","timestamp":"2024-11-30T00:27:16.476Z"}
{"level":"info","message":"STATUS 200: PUT /users/674a54abae2302c83dd5caeb","timestamp":"2024-11-30T00:27:16.674Z"}
{"level":"info","message":"PUT /users/674a54abae2302c83dd5caeb","timestamp":"2024-11-30T00:43:13.622Z"}
{"level":"info","message":"STATUS 200: PUT /users/674a54abae2302c83dd5caeb","timestamp":"2024-11-30T00:43:13.839Z"}
{"level":"info","message":"POST /users/login","timestamp":"2024-11-30T00:43:19.965Z"}
{"level":"error","message":"STATUS 401 : POST /users/login","timestamp":"2024-11-30T00:43:20.049Z"}
{"level":"info","message":"POST /users/signIn","timestamp":"2024-11-30T00:43:23.983Z"}
{"level":"info","message":"STATUS 201: POST /users/signIn","timestamp":"2024-11-30T00:43:24.352Z"}
{"level":"info","message":"POST /users/login","timestamp":"2024-11-30T00:43:27.129Z"}
{"level":"info","message":"STATUS 200: POST /users/login","timestamp":"2024-11-30T00:43:27.402Z"}
{"level":"info","message":"PUT /users/674a5facaec46aef724b145c","timestamp":"2024-11-30T00:44:38.742Z"}
{"level":"error","message":"STATUS 500: PUT /users/674a5facaec46aef724b145c","timestamp":"2024-11-30T00:44:38.909Z"}
{"level":"info","message":"PUT /users/674a5facaec46aef724b145c","timestamp":"2024-11-30T00:48:27.823Z"}
{"level":"error","message":"STATUS 500: PUT /users/674a5facaec46aef724b145c","timestamp":"2024-11-30T00:48:27.872Z"}
{"level":"info","message":"PUT /users/674a5facaec46aef724b145c","timestamp":"2024-11-30T00:49:48.476Z"}
{"level":"error","message":"STATUS 500: PUT /users/674a5facaec46aef724b145c","timestamp":"2024-11-30T00:49:48.499Z"}
{"level":"info","message":"PUT /users/674a5facaec46aef724b145c","timestamp":"2024-11-30T00:50:11.283Z"}
{"level":"error","message":"STATUS 500: PUT /users/674a5facaec46aef724b145c","timestamp":"2024-11-30T00:50:11.312Z"}
{"level":"info","message":"POST /users/login","timestamp":"2024-11-30T00:51:41.163Z"}
{"level":"info","message":"STATUS 200: POST /users/login","timestamp":"2024-11-30T00:51:41.559Z"}
{"level":"info","message":"PUT /users/674a5facaec46aef724b145c","timestamp":"2024-11-30T00:51:49.856Z"}
{"level":"error","message":"STATUS 500: PUT /users/674a5facaec46aef724b145c","timestamp":"2024-11-30T00:51:50.083Z"}
{"level":"info","message":"POST /users/login","timestamp":"2024-11-30T00:53:07.660Z"}
{"level":"info","message":"STATUS 200: POST /users/login","timestamp":"2024-11-30T00:53:07.822Z"}
{"level":"info","message":"POST /users/login","timestamp":"2024-11-30T01:14:54.914Z"}
{"level":"info","message":"STATUS 200: POST /users/login","timestamp":"2024-11-30T01:14:55.163Z"}
{"level":"info","message":"PUT /users/674a54abae2302c83dd5caeb","timestamp":"2024-11-30T01:16:30.692Z"}
{"level":"error","message":"STATUS 403 : PUT /users/674a54abae2302c83dd5caeb","timestamp":"2024-11-30T01:16:30.703Z"}
{"level":"info","message":"PUT /users/674a5facaec46aef724b145c","timestamp":"2024-11-30T01:18:06.023Z"}
{"level":"error","message":"STATUS 500: PUT /users/674a5facaec46aef724b145c","timestamp":"2024-11-30T01:18:06.196Z"}
{"level":"info","message":"PUT /users/674a5facaec46aef724b145c","timestamp":"2024-11-30T01:22:13.896Z"}
{"level":"error","message":"STATUS 500: PUT /users/674a5facaec46aef724b145c","timestamp":"2024-11-30T01:22:14.219Z"}
{"level":"info","message":"PUT /users/674a5facaec46aef724b145c","timestamp":"2024-11-30T01:26:31.598Z"}
{"level":"error","message":"STATUS 400 : PUT /users/674a5facaec46aef724b145c","timestamp":"2024-11-30T01:26:31.813Z"}
{"level":"info","message":"PUT /users/674a54abae2302c83dd5caeb","timestamp":"2024-11-30T01:27:07.265Z"}
{"level":"error","message":"STATUS 403 : PUT /users/674a54abae2302c83dd5caeb","timestamp":"2024-11-30T01:27:07.279Z"}
{"level":"info","message":"POST /users/login","timestamp":"2024-11-30T01:27:28.301Z"}
{"level":"error","message":"STATUS 401 : POST /users/login","timestamp":"2024-11-30T01:27:28.383Z"}
{"level":"info","message":"POST /users/login","timestamp":"2024-11-30T01:27:36.650Z"}
{"level":"error","message":"STATUS 401 : POST /users/login","timestamp":"2024-11-30T01:27:36.728Z"}
{"level":"info","message":"POST /users/signIn","timestamp":"2024-11-30T01:28:12.048Z"}
{"level":"error","message":"STATUS 400 : POST /users/signIn","timestamp":"2024-11-30T01:28:12.127Z"}
{"level":"info","message":"POST /users/signIn","timestamp":"2024-11-30T01:28:17.609Z"}
{"level":"info","message":"STATUS 201: POST /users/signIn","timestamp":"2024-11-30T01:28:17.979Z"}
{"level":"info","message":"POST /users/login","timestamp":"2024-11-30T01:28:31.688Z"}
{"level":"info","message":"STATUS 200: POST /users/login","timestamp":"2024-11-30T01:28:31.957Z"}
{"level":"info","message":"PUT /users/674a54abae2302c83dd5caeb","timestamp":"2024-11-30T01:28:46.858Z"}
{"level":"error","message":"STATUS 403 : PUT /users/674a54abae2302c83dd5caeb","timestamp":"2024-11-30T01:28:46.870Z"}
{"level":"info","message":"PUT /users/674a6a311b5c892123840386","timestamp":"2024-11-30T01:29:38.728Z"}
{"level":"error","message":"STATUS 400 : PUT /users/674a6a311b5c892123840386","timestamp":"2024-11-30T01:29:38.901Z"}
{"level":"info","message":"PUT /users/674a5facaec46aef724b145c","timestamp":"2024-11-30T01:29:58.935Z"}
{"level":"error","message":"STATUS 403 : PUT /users/674a5facaec46aef724b145c","timestamp":"2024-11-30T01:29:58.947Z"}
{"level":"info","message":"POST /users/login","timestamp":"2024-11-30T01:30:05.442Z"}
{"level":"info","message":"STATUS 200: POST /users/login","timestamp":"2024-11-30T01:30:05.712Z"}
{"level":"info","message":"PUT /users/674a5facaec46aef724b145c","timestamp":"2024-11-30T01:30:08.723Z"}
{"level":"error","message":"STATUS 400 : PUT /users/674a5facaec46aef724b145c","timestamp":"2024-11-30T01:30:08.891Z"}
{"level":"info","message":"POST /users/login","timestamp":"2024-11-30T01:31:47.870Z"}
{"level":"info","message":"STATUS 200: POST /users/login","timestamp":"2024-11-30T01:31:48.186Z"}
{"level":"info","message":"POST /users/login","timestamp":"2024-11-30T01:31:51.213Z"}
{"level":"info","message":"STATUS 200: POST /users/login","timestamp":"2024-11-30T01:31:51.448Z"}
{"level":"info","message":"PUT /users/674a5facaec46aef724b145c","timestamp":"2024-11-30T01:31:55.342Z"}
{"level":"error","message":"STATUS 400 : PUT /users/674a5facaec46aef724b145c","timestamp":"2024-11-30T01:31:55.552Z"}
{"level":"info","message":"PUT /users/674a5facaec46aef724b145c","timestamp":"2024-11-30T01:33:58.750Z"}
{"level":"error","message":"STATUS 400 : PUT /users/674a5facaec46aef724b145c","timestamp":"2024-11-30T01:33:58.970Z"}
{"level":"info","message":"PUT /users/674a5facaec46aef724b145c","timestamp":"2024-11-30T01:36:59.205Z"}
{"level":"info","message":"STATUS 200: PUT /users/674a5facaec46aef724b145c","timestamp":"2024-11-30T01:36:59.503Z"}
{"level":"info","message":"PUT /users/674a5facaec46aef724b145c","timestamp":"2024-11-30T01:37:18.173Z"}
{"level":"error","message":"STATUS 400 : PUT /users/674a5facaec46aef724b145c","timestamp":"2024-11-30T01:37:18.350Z"}
{"level":"info","message":"PUT /users/674a5facaec46aef724b145c","timestamp":"2024-11-30T01:37:24.947Z"}
{"level":"info","message":"STATUS 200: PUT /users/674a5facaec46aef724b145c","timestamp":"2024-11-30T01:37:25.195Z"}
{"level":"info","message":"PUT /users/674a5facaec46aef724b145c","timestamp":"2024-11-30T01:37:45.610Z"}
{"level":"info","message":"STATUS 200: PUT /users/674a5facaec46aef724b145c","timestamp":"2024-11-30T01:37:45.866Z"}
{"level":"info","message":"POST /users/login","timestamp":"2024-11-30T01:38:56.464Z"}
{"level":"error","message":"STATUS 401 : POST /users/login","timestamp":"2024-11-30T01:38:56.546Z"}
{"level":"info","message":"DELETE /users/674a5facaec46aef724b145c","timestamp":"2024-11-30T01:40:57.206Z"}
{"level":"info","message":"STATUS 204: DELETE /users/674a5facaec46aef724b145c","timestamp":"2024-11-30T01:40:57.376Z"}
{"level":"info","message":"POST /users/signIn","timestamp":"2024-11-30T01:41:26.026Z"}
{"level":"error","message":"STATUS 400 : POST /users/signIn","timestamp":"2024-11-30T01:41:26.145Z"}
{"level":"info","message":"POST /users/signIn","timestamp":"2024-11-30T01:41:33.875Z"}
{"level":"info","message":"STATUS 201: POST /users/signIn","timestamp":"2024-11-30T01:41:34.236Z"}
{"level":"info","message":"POST /users/login","timestamp":"2024-11-30T01:41:43.981Z"}
{"level":"info","message":"STATUS 200: POST /users/login","timestamp":"2024-11-30T01:41:44.244Z"}
{"level":"info","message":"PUT /users/674a5facaec46aef724b145c","timestamp":"2024-11-30T01:41:52.568Z"}
{"level":"error","message":"STATUS 403 : PUT /users/674a5facaec46aef724b145c","timestamp":"2024-11-30T01:41:52.593Z"}
{"level":"info","message":"PUT /users/674a6d4d7026c3abe9289c0a","timestamp":"2024-11-30T01:42:01.356Z"}
{"level":"info","message":"STATUS 200: PUT /users/674a6d4d7026c3abe9289c0a","timestamp":"2024-11-30T01:42:01.792Z"}
{"level":"info","message":"POST /users/signIn","timestamp":"2024-11-30T01:42:18.408Z"}
{"level":"error","message":"STATUS 400 : POST /users/signIn","timestamp":"2024-11-30T01:42:18.491Z"}
{"level":"info","message":"POST /users/login","timestamp":"2024-11-30T01:42:21.623Z"}
{"level":"info","message":"STATUS 200: POST /users/login","timestamp":"2024-11-30T01:42:21.895Z"}
{"level":"info","message":"PUT /users/674a6d4d7026c3abe9289c0a","timestamp":"2024-11-30T01:42:27.378Z"}
{"level":"info","message":"STATUS 200: PUT /users/674a6d4d7026c3abe9289c0a","timestamp":"2024-11-30T01:42:27.787Z"}
{"level":"info","message":"DELETE /users/674a5facaec46aef724b145c","timestamp":"2024-11-30T01:42:48.341Z"}
{"level":"error","message":"STATUS 403 : DELETE /users/674a5facaec46aef724b145c","timestamp":"2024-11-30T01:42:48.352Z"}
{"level":"info","message":"DELETE /users/674a6d4d7026c3abe9289c0a","timestamp":"2024-11-30T01:43:04.171Z"}
{"level":"info","message":"STATUS 204: DELETE /users/674a6d4d7026c3abe9289c0a","timestamp":"2024-11-30T01:43:04.353Z"}
{"level":"info","message":"DELETE /users/674a6d4d7026c3abe9289c0a","timestamp":"2024-11-30T01:43:10.379Z"}
{"level":"error","message":"STATUS 404 : DELETE /users/674a6d4d7026c3abe9289c0a","timestamp":"2024-11-30T01:43:10.463Z"}
